<?xml version="1.0" encoding="UTF-8"?>
<!-- Generated by org.testng.reporters.JUnitXMLReporter -->
<testsuite ignored="0" hostname="DESKTOP-8VOCDBD" failures="0" tests="2" name="Test" time="20.361" errors="0" timestamp="06 Sep 2025 05:38:20 GMT">
  <testcase classname="cucumber.api.testng.AbstractTestNGCucumberTests" name="runScenario" time="0.407">
    <skipped/>
  </testcase> <!-- runScenario -->
  <testcase classname="cucumber.api.testng.AbstractTestNGCucumberTests" name="runScenario" time="0.05">
    <skipped/>
  </testcase> <!-- runScenario -->
</testsuite> <!-- Test -->
