<?xml version="1.0" encoding="UTF-8"?>
<testng-results ignored="0" total="1" passed="1" failed="0" skipped="0">
  <reporter-output>
  </reporter-output>
  <suite started-at="2025-01-10T05:43:31Z" name="Suite" finished-at="2025-01-10T05:43:43Z" duration-ms="11573">
    <groups>
      <group name="cucumber">
        <method signature="AbstractTestNGCucumberTests.runScenario(cucumber.api.testng.PickleEventWrapper, cucumber.api.testng.CucumberFeatureWrapper)[pri:0, instance:runner.TC01_LoginPage@5f683daf]" name="runScenario" class="cucumber.api.testng.AbstractTestNGCucumberTests"/>
      </group> <!-- cucumber -->
    </groups>
    <test started-at="2025-01-10T05:43:31Z" name="Test" finished-at="2025-01-10T05:43:43Z" duration-ms="11573">
      <class name="runner.TC01_LoginPage">
        <test-method is-config="true" signature="startReport()[pri:0, instance:runner.TC01_LoginPage@5f683daf]" started-at="2025-01-10T05:43:31Z" name="startReport" finished-at="2025-01-10T05:43:31Z" duration-ms="199" status="PASS">
          <reporter-output>
          </reporter-output>
        </test-method> <!-- startReport -->
        <test-method is-config="true" signature="setData()[pri:0, instance:runner.TC01_LoginPage@5f683daf]" started-at="2025-01-10T05:43:31Z" name="setData" finished-at="2025-01-10T05:43:31Z" duration-ms="0" status="PASS">
          <reporter-output>
          </reporter-output>
        </test-method> <!-- setData -->
        <test-method is-config="true" signature="setUpClass()[pri:0, instance:runner.TC01_LoginPage@5f683daf]" started-at="2025-01-10T05:43:31Z" name="setUpClass" finished-at="2025-01-10T05:43:31Z" duration-ms="158" status="PASS">
          <reporter-output>
          </reporter-output>
        </test-method> <!-- setUpClass -->
        <test-method is-config="true" signature="report()[pri:0, instance:runner.TC01_LoginPage@5f683daf]" started-at="2025-01-10T05:43:31Z" name="report" finished-at="2025-01-10T05:43:31Z" duration-ms="14" status="PASS">
          <reporter-output>
          </reporter-output>
        </test-method> <!-- report -->
        <test-method is-config="true" signature="LaunchApp()[pri:0, instance:runner.TC01_LoginPage@5f683daf]" started-at="2025-01-10T05:43:31Z" name="LaunchApp" finished-at="2025-01-10T05:43:41Z" duration-ms="9162" status="PASS">
          <reporter-output>
          </reporter-output>
        </test-method> <!-- LaunchApp -->
        <test-method signature="runScenario(cucumber.api.testng.PickleEventWrapper, cucumber.api.testng.CucumberFeatureWrapper)[pri:0, instance:runner.TC01_LoginPage@5f683daf]" started-at="2025-01-10T05:43:41Z" name="runScenario" description="Runs Cucumber Scenarios" data-provider="scenarios" finished-at="2025-01-10T05:43:43Z" duration-ms="1923" status="PASS">
          <params>
            <param index="0">
              <value>
                <![CDATA["TC01 Login Functionality"]]>
              </value>
            </param>
            <param index="1">
              <value>
                <![CDATA["Orange HRM Application Login"]]>
              </value>
            </param>
          </params>
          <reporter-output>
          </reporter-output>
        </test-method> <!-- runScenario -->
        <test-method is-config="true" signature="teardown()[pri:0, instance:runner.TC01_LoginPage@5f683daf]" started-at="2025-01-10T05:43:43Z" name="teardown" finished-at="2025-01-10T05:43:43Z" duration-ms="204" status="PASS">
          <reporter-output>
          </reporter-output>
        </test-method> <!-- teardown -->
        <test-method is-config="true" signature="tearDownClass()[pri:0, instance:runner.TC01_LoginPage@5f683daf]" started-at="2025-01-10T05:43:43Z" name="tearDownClass" finished-at="2025-01-10T05:43:43Z" duration-ms="11" status="PASS">
          <reporter-output>
          </reporter-output>
        </test-method> <!-- tearDownClass -->
        <test-method is-config="true" signature="stopReport()[pri:0, instance:runner.TC01_LoginPage@5f683daf]" started-at="2025-01-10T05:43:43Z" name="stopReport" finished-at="2025-01-10T05:43:43Z" duration-ms="302" status="PASS">
          <reporter-output>
          </reporter-output>
        </test-method> <!-- stopReport -->
      </class> <!-- runner.TC01_LoginPage -->
    </test> <!-- Test -->
  </suite> <!-- Suite -->
</testng-results>
