<?xml version="1.0" encoding="UTF-8"?>
<testng-results ignored="0" total="2" passed="2" failed="0" skipped="0">
  <reporter-output>
  </reporter-output>
  <suite started-at="2025-09-18T16:01:08Z" name="Default suite" finished-at="2025-09-18T16:01:35Z" duration-ms="26513">
    <groups>
      <group name="cucumber">
        <method signature="AbstractTestNGCucumberTests.runScenario(cucumber.api.testng.PickleEventWrapper, cucumber.api.testng.CucumberFeatureWrapper)[pri:0, instance:runner.TC01_LoginPage@c94fd30]" name="runScenario" class="cucumber.api.testng.AbstractTestNGCucumberTests"/>
      </group> <!-- cucumber -->
    </groups>
    <test started-at="2025-09-18T16:01:08Z" name="Default test" finished-at="2025-09-18T16:01:35Z" duration-ms="26513">
      <class name="runner.TC01_LoginPage">
        <test-method is-config="true" signature="startReport()[pri:0, instance:runner.TC01_LoginPage@c94fd30]" started-at="2025-09-18T16:01:08Z" name="startReport" finished-at="2025-09-18T16:01:08Z" duration-ms="283" status="PASS">
          <reporter-output>
          </reporter-output>
        </test-method> <!-- startReport -->
        <test-method is-config="true" signature="setData()[pri:0, instance:runner.TC01_LoginPage@c94fd30]" started-at="2025-09-18T16:01:08Z" name="setData" finished-at="2025-09-18T16:01:08Z" duration-ms="1" status="PASS">
          <reporter-output>
          </reporter-output>
        </test-method> <!-- setData -->
        <test-method is-config="true" signature="setUpClass()[pri:0, instance:runner.TC01_LoginPage@c94fd30]" started-at="2025-09-18T16:01:08Z" name="setUpClass" finished-at="2025-09-18T16:01:08Z" duration-ms="143" status="PASS">
          <reporter-output>
          </reporter-output>
        </test-method> <!-- setUpClass -->
        <test-method is-config="true" signature="report()[pri:0, instance:runner.TC01_LoginPage@c94fd30]" started-at="2025-09-18T16:01:08Z" name="report" finished-at="2025-09-18T16:01:08Z" duration-ms="6" status="PASS">
          <reporter-output>
          </reporter-output>
        </test-method> <!-- report -->
        <test-method is-config="true" signature="LaunchApp()[pri:0, instance:runner.TC01_LoginPage@c94fd30]" started-at="2025-09-18T16:01:08Z" name="LaunchApp" finished-at="2025-09-18T16:01:25Z" duration-ms="17186" status="PASS">
          <reporter-output>
          </reporter-output>
        </test-method> <!-- LaunchApp -->
        <test-method signature="runScenario(cucumber.api.testng.PickleEventWrapper, cucumber.api.testng.CucumberFeatureWrapper)[pri:0, instance:runner.TC01_LoginPage@c94fd30]" started-at="2025-09-18T16:01:25Z" name="runScenario" description="Runs Cucumber Scenarios" data-provider="scenarios" finished-at="2025-09-18T16:01:28Z" duration-ms="2315" status="PASS">
          <params>
            <param index="0">
              <value>
                <![CDATA["TC01 Login Functionality"]]>
              </value>
            </param>
            <param index="1">
              <value>
                <![CDATA["Orange HRM Application Login"]]>
              </value>
            </param>
          </params>
          <reporter-output>
          </reporter-output>
        </test-method> <!-- runScenario -->
        <test-method is-config="true" signature="teardown()[pri:0, instance:runner.TC01_LoginPage@c94fd30]" started-at="2025-09-18T16:01:28Z" name="teardown" finished-at="2025-09-18T16:01:28Z" duration-ms="237" status="PASS">
          <reporter-output>
          </reporter-output>
        </test-method> <!-- teardown -->
        <test-method is-config="true" signature="LaunchApp()[pri:0, instance:runner.TC01_LoginPage@c94fd30]" started-at="2025-09-18T16:01:28Z" name="LaunchApp" finished-at="2025-09-18T16:01:32Z" duration-ms="4523" status="PASS">
          <reporter-output>
          </reporter-output>
        </test-method> <!-- LaunchApp -->
        <test-method signature="runScenario(cucumber.api.testng.PickleEventWrapper, cucumber.api.testng.CucumberFeatureWrapper)[pri:0, instance:runner.TC01_LoginPage@c94fd30]" started-at="2025-09-18T16:01:33Z" name="runScenario" description="Runs Cucumber Scenarios" data-provider="scenarios" finished-at="2025-09-18T16:01:34Z" duration-ms="1815" status="PASS">
          <params>
            <param index="0">
              <value>
                <![CDATA["TC01 Login Functionality"]]>
              </value>
            </param>
            <param index="1">
              <value>
                <![CDATA["Orange HRM Application Login"]]>
              </value>
            </param>
          </params>
          <reporter-output>
          </reporter-output>
        </test-method> <!-- runScenario -->
        <test-method is-config="true" signature="teardown()[pri:0, instance:runner.TC01_LoginPage@c94fd30]" started-at="2025-09-18T16:01:34Z" name="teardown" finished-at="2025-09-18T16:01:35Z" duration-ms="215" status="PASS">
          <reporter-output>
          </reporter-output>
        </test-method> <!-- teardown -->
        <test-method is-config="true" signature="tearDownClass()[pri:0, instance:runner.TC01_LoginPage@c94fd30]" started-at="2025-09-18T16:01:35Z" name="tearDownClass" finished-at="2025-09-18T16:01:35Z" duration-ms="6" status="PASS">
          <reporter-output>
          </reporter-output>
        </test-method> <!-- tearDownClass -->
        <test-method is-config="true" signature="stopReport()[pri:0, instance:runner.TC01_LoginPage@c94fd30]" started-at="2025-09-18T16:01:35Z" name="stopReport" finished-at="2025-09-18T16:01:35Z" duration-ms="413" status="PASS">
          <reporter-output>
          </reporter-output>
        </test-method> <!-- stopReport -->
      </class> <!-- runner.TC01_LoginPage -->
    </test> <!-- Default test -->
  </suite> <!-- Default suite -->
</testng-results>
